<?xml version="1.0" encoding="UTF-8"?>
<testsuite xmlns:xsi="http://www.w3.org/2001/XMLSchema-instance" xsi:schemaLocation="https://maven.apache.org/surefire/maven-surefire-plugin/xsd/surefire-test-report.xsd" name="com.ExlibrisFETestProject.ExlibrisFETest.RunnerTest" time="42.09" tests="11" errors="0" skipped="0" failures="0">
  <properties>
    <property name="java.runtime.name" value="Java(TM) SE Runtime Environment"/>
    <property name="sun.boot.library.path" value="C:\Program Files (x86)\Java\jdk1.8.0_172\jre\bin"/>
    <property name="java.vm.version" value="25.172-b11"/>
    <property name="java.vm.vendor" value="Oracle Corporation"/>
    <property name="maven.multiModuleProjectDirectory" value="C:\WS\ExlibWS\ExlibrisFETest"/>
    <property name="java.vendor.url" value="http://java.oracle.com/"/>
    <property name="path.separator" value=";"/>
    <property name="guice.disable.misplaced.annotation.check" value="true"/>
    <property name="java.vm.name" value="Java HotSpot(TM) Client VM"/>
    <property name="file.encoding.pkg" value="sun.io"/>
    <property name="user.script" value=""/>
    <property name="user.country" value="GB"/>
    <property name="sun.java.launcher" value="SUN_STANDARD"/>
    <property name="sun.os.patch.level" value=""/>
    <property name="java.vm.specification.name" value="Java Virtual Machine Specification"/>
    <property name="user.dir" value="C:\WS\ExlibWS\ExlibrisFETest"/>
    <property name="java.runtime.version" value="1.8.0_172-b11"/>
    <property name="java.awt.graphicsenv" value="sun.awt.Win32GraphicsEnvironment"/>
    <property name="java.endorsed.dirs" value="C:\Program Files (x86)\Java\jdk1.8.0_172\jre\lib\endorsed"/>
    <property name="os.arch" value="x86"/>
    <property name="java.io.tmpdir" value="C:\Users\Sunday\AppData\Local\Temp\"/>
    <property name="line.separator" value="&#10;"/>
    <property name="java.vm.specification.vendor" value="Oracle Corporation"/>
    <property name="user.variant" value=""/>
    <property name="os.name" value="Windows 10"/>
    <property name="classworlds.conf" value="C:\QA Testing\maven\bin\..\bin\m2.conf"/>
    <property name="sun.jnu.encoding" value="Cp1252"/>
    <property name="java.library.path" value="C:\Program Files (x86)\Java\jdk1.8.0_172\bin;C:\WINDOWS\Sun\Java\bin;C:\WINDOWS\system32;C:\WINDOWS;C:\ProgramData\Oracle\Java\javapath;C:\Program Files (x86)\Intel\iCLS Client\;C:\Program Files\Intel\iCLS Client\;C:\WINDOWS\system32;C:\WINDOWS;C:\WINDOWS\System32\Wbem;C:\WINDOWS\System32\WindowsPowerShell\v1.0\;C:\Program Files\Intel\Intel(R) Management Engine Components\DAL;C:\Program Files\Intel\Intel(R) Management Engine Components\IPT;C:\Program Files (x86)\Intel\Intel(R) Management Engine Components\DAL;C:\Program Files (x86)\Intel\Intel(R) Management Engine Components\IPT;C:\Program Files (x86)\Common Files\lenovo\easyplussdk\bin;C:\Program Files (x86)\Java\jdk1.8.0_172\bin;C:\QA Testing\maven\bin;C:\QA Testing\maven\bin;ANDROID_HOME;ANDROID_TOOLS;ANDROID_PLATFORM_TOOLS;C:\Users\Sunday\AppData\Local\Android\sdk\tools;C:\Program Files\dotnet\;C:\Program Files\Microsoft SQL Server\130\Tools\Binn\;C:\Program Files\nodejs\;C:\Users\Sunday\AppData\Local\Microsoft\WindowsApps;C:\Users\Sunday\AppData\Roaming\npm;."/>
    <property name="maven.conf" value="C:\QA Testing\maven\bin\../conf"/>
    <property name="java.specification.name" value="Java Platform API Specification"/>
    <property name="java.class.version" value="52.0"/>
    <property name="sun.management.compiler" value="HotSpot Client Compiler"/>
    <property name="os.version" value="10.0"/>
    <property name="library.jansi.path" value="C:\QA Testing\maven\bin\..\lib\jansi-native"/>
    <property name="user.home" value="C:\Users\Sunday"/>
    <property name="user.timezone" value="Europe/London"/>
    <property name="java.awt.printerjob" value="sun.awt.windows.WPrinterJob"/>
    <property name="java.specification.version" value="1.8"/>
    <property name="file.encoding" value="Cp1252"/>
    <property name="user.name" value="Sunday"/>
    <property name="java.class.path" value="C:\QA Testing\maven\bin\..\boot\plexus-classworlds-2.5.2.jar"/>
    <property name="java.vm.specification.version" value="1.8"/>
    <property name="sun.arch.data.model" value="32"/>
    <property name="java.home" value="C:\Program Files (x86)\Java\jdk1.8.0_172\jre"/>
    <property name="sun.java.command" value="org.codehaus.plexus.classworlds.launcher.Launcher install"/>
    <property name="java.specification.vendor" value="Oracle Corporation"/>
    <property name="user.language" value="en"/>
    <property name="awt.toolkit" value="sun.awt.windows.WToolkit"/>
    <property name="java.vm.info" value="mixed mode"/>
    <property name="java.version" value="1.8.0_172"/>
    <property name="java.ext.dirs" value="C:\Program Files (x86)\Java\jdk1.8.0_172\jre\lib\ext;C:\WINDOWS\Sun\Java\lib\ext"/>
    <property name="sun.boot.class.path" value="C:\Program Files (x86)\Java\jdk1.8.0_172\jre\lib\resources.jar;C:\Program Files (x86)\Java\jdk1.8.0_172\jre\lib\rt.jar;C:\Program Files (x86)\Java\jdk1.8.0_172\jre\lib\sunrsasign.jar;C:\Program Files (x86)\Java\jdk1.8.0_172\jre\lib\jsse.jar;C:\Program Files (x86)\Java\jdk1.8.0_172\jre\lib\jce.jar;C:\Program Files (x86)\Java\jdk1.8.0_172\jre\lib\charsets.jar;C:\Program Files (x86)\Java\jdk1.8.0_172\jre\lib\jfr.jar;C:\Program Files (x86)\Java\jdk1.8.0_172\jre\classes"/>
    <property name="sun.stderr.encoding" value="cp850"/>
    <property name="java.vendor" value="Oracle Corporation"/>
    <property name="maven.home" value="C:\QA Testing\maven\bin\.."/>
    <property name="file.separator" value="\"/>
    <property name="java.vendor.url.bug" value="http://bugreport.sun.com/bugreport/"/>
    <property name="sun.cpu.endian" value="little"/>
    <property name="sun.io.unicode.encoding" value="UnicodeLittle"/>
    <property name="sun.stdout.encoding" value="cp850"/>
    <property name="sun.desktop" value="windows"/>
    <property name="sun.cpu.isalist" value="pentium_pro+mmx pentium_pro pentium+mmx pentium i486 i386 i86"/>
  </properties>
  <testcase name="Given user navigates to campusm site &quot;https://m.campusm.org/campusm/&quot;" classname="| https://m.campusm.org/campusm/ | Your First Name,joshua.c | Any value,campusm | 27/12/1990 |" time="0.001"/>
  <testcase name="When user selects &quot;Student / Staff&quot;" classname="| https://m.campusm.org/campusm/ | Your First Name,joshua.c | Any value,campusm | 27/12/1990 |" time="0"/>
  <testcase name="And clicks on &quot;Accept&quot; button" classname="| https://m.campusm.org/campusm/ | Your First Name,joshua.c | Any value,campusm | 27/12/1990 |" time="0"/>
  <testcase name="And enters the values for &quot;Your First Name,joshua.c&quot; and &quot;Any value,campusm&quot;" classname="| https://m.campusm.org/campusm/ | Your First Name,joshua.c | Any value,campusm | 27/12/1990 |" time="0"/>
  <testcase name="Then user should verify &quot;Login&quot; button is displayed and clicks it" classname="| https://m.campusm.org/campusm/ | Your First Name,joshua.c | Any value,campusm | 27/12/1990 |" time="0"/>
  <testcase name="And user should also verify error message displayed is &quot;Please try again.&quot;" classname="| https://m.campusm.org/campusm/ | Your First Name,joshua.c | Any value,campusm | 27/12/1990 |" time="0"/>
  <testcase name="When user enter the values for &quot;Your First Name,joshua.c&quot; and &quot;Any value,campusm&quot; and clicks on &quot;Login&quot; button" classname="| https://m.campusm.org/campusm/ | Your First Name,joshua.c | Any value,campusm | 27/12/1990 |" time="0"/>
  <testcase name="Then verify user is logged in" classname="| https://m.campusm.org/campusm/ | Your First Name,joshua.c | Any value,campusm | 27/12/1990 |" time="0"/>
  <testcase name="When user clicks on tile, Enrolment -&gt; Your Details -&gt; Personal Details" classname="| https://m.campusm.org/campusm/ | Your First Name,joshua.c | Any value,campusm | 27/12/1990 |" time="0"/>
  <testcase name="And user gets the value from the Date of Birth field and change the current values to &quot;27/12/1990&quot;" classname="| https://m.campusm.org/campusm/ | Your First Name,joshua.c | Any value,campusm | 27/12/1990 |" time="0.002"/>
  <testcase name="| https://m.campusm.org/campusm/ | Your First Name,joshua.c | Any value,campusm | 27/12/1990 |" classname="| https://m.campusm.org/campusm/ | Your First Name,joshua.c | Any value,campusm | 27/12/1990 |" time="2.067"/>
</testsuite>